2021-02-07 01:08:06     File: kwfile.cpp  Line: 1528
Unable to open file "gridv2cut6.inc".

2021-02-09 11:35:08     File: kwfile.cpp  Line: 1528
Unable to open file "gridcut15.inc".

2021-02-09 11:35:12     File: kwfile.cpp  Line: 1528
Unable to open file "POR80cut15.inc".

2021-02-09 11:35:13     File: kwfile.cpp  Line: 1528
Unable to open file "PFR80cut15.inc".

2021-02-09 11:35:13     File: kwfile.cpp  Line: 1528
Unable to open file "KX80cut15.inc".

2021-02-09 11:35:14     File: kwfile.cpp  Line: 1528
Unable to open file "KFX80cut15.inc".

2021-02-09 11:35:15     File: kwfile.cpp  Line: 1528
Unable to open file "KY80cut15.inc".

2021-02-09 11:35:15     File: kwfile.cpp  Line: 1528
Unable to open file "KFY80cut15.inc".

2021-02-09 11:35:15     File: kwfile.cpp  Line: 1528
Unable to open file "KZ80cut15.inc".

2021-02-09 11:35:15     File: kwfile.cpp  Line: 1528
Unable to open file "KFZ80cut15.inc".

2021-02-09 11:35:16     File: kwfile.cpp  Line: 1528
Unable to open file "SGX80cut15.inc".

2021-02-09 11:35:16     File: kwfile.cpp  Line: 1528
Unable to open file "SGY80cut15.inc".

2021-02-09 11:35:16     File: kwfile.cpp  Line: 1528
Unable to open file "SGZ80cut15.inc".

